<?xml version="1.0" encoding="UTF-8"?>
<!-- Generated by org.testng.reporters.JUnitXMLReporter -->
<testsuite ignored="0" hostname="Ranjith" failures="0" tests="5" name="Default test" time="10.809" errors="0" timestamp="2024-12-30T11:26:55 IST">
  <testcase classname="testCases.LoginPageandLogoutTestCase" name="validUnameAndInvalidPword" time="2.418"/>
  <testcase classname="testCases.LoginPageandLogoutTestCase" name="invalidUnameAndvalidPword" time="1.683"/>
  <testcase classname="testCases.LoginPageandLogoutTestCase" name="invalidUnameAndPword" time="1.637"/>
  <testcase classname="testCases.LoginPageandLogoutTestCase" name="validUnameAndvalidPword" time="2.039"/>
  <testcase classname="testCases.LoginPageandLogoutTestCase" name="logOut" time="2.962"/>
</testsuite> <!-- Default test -->
