<?xml version="1.0" encoding="UTF-8"?>
<testng-results ignored="0" total="5" passed="5" failed="0" skipped="0">
  <reporter-output>
  </reporter-output>
  <suite started-at="2024-12-30T11:28:25 IST" name="Suite" finished-at="2024-12-30T11:28:35 IST" duration-ms="10759">
    <groups>
    </groups>
    <test started-at="2024-12-30T11:28:25 IST" name="Login" finished-at="2024-12-30T11:28:35 IST" duration-ms="10759">
      <class name="testCases.LoginPageandLogoutTestCase">
        <test-method is-config="true" signature="openChrome()[pri:0, instance:testCases.LoginPageandLogoutTestCase@2cb4893b]" started-at="2024-12-30T11:28:19 IST" name="openChrome" finished-at="2024-12-30T11:28:25 IST" duration-ms="5663" status="PASS">
          <reporter-output>
          </reporter-output>
        </test-method> <!-- openChrome -->
        <test-method signature="validUnameAndInvalidPword()[pri:0, instance:testCases.LoginPageandLogoutTestCase@2cb4893b]" started-at="2024-12-30T11:28:25 IST" name="validUnameAndInvalidPword" finished-at="2024-12-30T11:28:27 IST" duration-ms="2287" status="PASS">
          <reporter-output>
          </reporter-output>
        </test-method> <!-- validUnameAndInvalidPword -->
        <test-method signature="invalidUnameAndvalidPword()[pri:1, instance:testCases.LoginPageandLogoutTestCase@2cb4893b]" started-at="2024-12-30T11:28:27 IST" name="invalidUnameAndvalidPword" finished-at="2024-12-30T11:28:29 IST" duration-ms="1622" status="PASS">
          <reporter-output>
          </reporter-output>
        </test-method> <!-- invalidUnameAndvalidPword -->
        <test-method signature="invalidUnameAndPword()[pri:2, instance:testCases.LoginPageandLogoutTestCase@2cb4893b]" started-at="2024-12-30T11:28:29 IST" name="invalidUnameAndPword" finished-at="2024-12-30T11:28:30 IST" duration-ms="1720" status="PASS">
          <reporter-output>
          </reporter-output>
        </test-method> <!-- invalidUnameAndPword -->
        <test-method signature="validUnameAndvalidPword()[pri:3, instance:testCases.LoginPageandLogoutTestCase@2cb4893b]" started-at="2024-12-30T11:28:30 IST" name="validUnameAndvalidPword" finished-at="2024-12-30T11:28:33 IST" duration-ms="2062" status="PASS">
          <reporter-output>
          </reporter-output>
        </test-method> <!-- validUnameAndvalidPword -->
        <test-method signature="logOut()[pri:4, instance:testCases.LoginPageandLogoutTestCase@2cb4893b]" started-at="2024-12-30T11:28:33 IST" name="logOut" finished-at="2024-12-30T11:28:35 IST" duration-ms="2954" status="PASS">
          <reporter-output>
          </reporter-output>
        </test-method> <!-- logOut -->
        <test-method is-config="true" signature="closeChrome()[pri:0, instance:testCases.LoginPageandLogoutTestCase@2cb4893b]" started-at="2024-12-30T11:28:36 IST" name="closeChrome" finished-at="2024-12-30T11:28:36 IST" duration-ms="362" status="PASS">
          <reporter-output>
          </reporter-output>
        </test-method> <!-- closeChrome -->
      </class> <!-- testCases.LoginPageandLogoutTestCase -->
    </test> <!-- Login -->
  </suite> <!-- Suite -->
</testng-results>
