<?xml version="1.0" encoding="UTF-8"?>
<testng-results ignored="0" total="1" passed="1" failed="0" skipped="0">
  <reporter-output>
  </reporter-output>
  <suite started-at="2024-12-28T19:55:19 IST" name="Default suite" finished-at="2024-12-28T19:55:23 IST" duration-ms="3963">
    <groups>
    </groups>
    <test started-at="2024-12-28T19:55:19 IST" name="Default test" finished-at="2024-12-28T19:55:23 IST" duration-ms="3963">
      <class name="testCases.LoginPageandLogoutTestCase">
        <test-method is-config="true" signature="openChrome()[pri:0, instance:testCases.LoginPageandLogoutTestCase@48075da3]" started-at="2024-12-28T19:55:13 IST" name="openChrome" finished-at="2024-12-28T19:55:19 IST" duration-ms="5857" status="PASS">
          <reporter-output>
          </reporter-output>
        </test-method> <!-- openChrome -->
        <test-method signature="loginFunction()[pri:0, instance:testCases.LoginPageandLogoutTestCase@48075da3]" started-at="2024-12-28T19:55:19 IST" name="loginFunction" finished-at="2024-12-28T19:55:23 IST" duration-ms="3857" status="PASS">
          <reporter-output>
          </reporter-output>
        </test-method> <!-- loginFunction -->
        <test-method is-config="true" signature="closeChrome()[pri:0, instance:testCases.LoginPageandLogoutTestCase@48075da3]" started-at="2024-12-28T19:55:23 IST" name="closeChrome" finished-at="2024-12-28T19:55:24 IST" duration-ms="427" status="PASS">
          <reporter-output>
          </reporter-output>
        </test-method> <!-- closeChrome -->
      </class> <!-- testCases.LoginPageandLogoutTestCase -->
    </test> <!-- Default test -->
  </suite> <!-- Default suite -->
</testng-results>
